<?xml version="1.0" encoding="UTF-8"?>
<!-- Generated by org.testng.reporters.JUnitXMLReporter -->
<testsuite hostname="LAPTOP-NSNORBA3" ignored="0" name="Test" tests="1" failures="1" timestamp="2023-05-18T18:01:07 IST" time="20.189" errors="0">
  <testcase name="deleteLead" time="8.149" classname="testngImplementation.DeleteLead">
    <failure type="java.lang.AssertionError" message="The following asserts failed:
	null">
      <![CDATA[java.lang.AssertionError: The following asserts failed:
null
at testngImplementation.DeleteLead.deleteLead(DeleteLead.java:33)
at java.util.ArrayList.forEach(Unknown Source)
... Removed 29 stack frames]]>
    </failure>
  </testcase> <!-- deleteLead -->
</testsuite> <!-- Test -->
